\BOOKMARK [1][-]{section.1}{\376\377\000E\000i\000n\000f\000\374\000h\000r\000u\000n\000g}{}% 1
\BOOKMARK [2][-]{subsection.1.1}{\376\377\000V\000o\000r\000w\000o\000r\000t}{section.1}% 2
\BOOKMARK [2][-]{subsection.1.2}{\376\377\000S\000c\000h\000r\000e\000i\000b\000w\000e\000i\000s\000e\000n\000\040\000u\000n\000d\000\040\000D\000e\000f\000i\000n\000i\000t\000i\000o\000n\000e\000n}{section.1}% 3
\BOOKMARK [1][-]{section.2}{\376\377\000V\000e\000k\000t\000o\000r\000e\000n}{}% 4
\BOOKMARK [2][-]{subsection.2.1}{\376\377\000R\000e\000c\000h\000n\000e\000n\000\040\000m\000i\000t\000\040\000V\000e\000k\000t\000o\000r\000e\000n\000\040\000u\000n\000d\000\040\000P\000u\000n\000k\000t\000e\000n}{section.2}% 5
\BOOKMARK [2][-]{subsection.2.2}{\376\377\000E\000i\000n\000h\000e\000i\000t\000s\000v\000e\000k\000t\000o\000r\000e\000n\000\040\000i\000m\000\040\000K\000o\000o\000r\000d\000i\000n\000a\000t\000e\000n\000s\000y\000s\000t\000e\000m}{section.2}% 6
\BOOKMARK [1][-]{section.3}{\376\377\000D\000i\000e\000\040\000V\000e\000r\000s\000c\000h\000i\000e\000b\000u\000n\000g\000\040\000v\000o\000n\000\040\000K\000o\000o\000r\000d\000i\000n\000a\000t\000e\000n\000s\000y\000s\000t\000e\000m\000e\000n}{}% 7
\BOOKMARK [2][-]{subsection.3.1}{\376\377\000L\000\344\000n\000g\000e\000\040\000v\000o\000n\000\040\000V\000e\000k\000t\000o\000r\000e\000n\000\040\000u\000n\000d\000\040\000A\000b\000s\000t\000\344\000n\000d\000e\000\040\000v\000o\000n\000\040\000P\000u\000n\000k\000t\000e\000n}{section.3}% 8
\BOOKMARK [2][-]{subsection.3.2}{\376\377\000D\000a\000s\000\040\000S\000k\000a\000l\000a\000r\000p\000r\000o\000d\000u\000k\000t}{section.3}% 9
\BOOKMARK [2][-]{subsection.3.3}{\376\377\000K\000o\000o\000r\000d\000i\000n\000a\000t\000e\000n\000\040\000T\000r\000a\000n\000s\000f\000o\000r\000m\000i\000e\000r\000e\000n}{section.3}% 10
\BOOKMARK [2][-]{subsection.3.4}{\376\377\000A\000n\000w\000e\000n\000d\000u\000n\000g}{section.3}% 11
\BOOKMARK [2][-]{subsection.3.5}{\376\377\000M\000a\000t\000r\000i\000z\000e\000n\000r\000e\000c\000h\000n\000u\000n\000g}{section.3}% 12
\BOOKMARK [1][-]{section.4}{\376\377\000A\000n\000h\000\344\000n\000g\000e}{}% 13
\BOOKMARK [2][-]{subsection.4.1}{\376\377\000V\000e\000k\000t\000o\000r\000e\000n\000\040\0001}{section.4}% 14
\BOOKMARK [2][-]{subsection.4.2}{\376\377\000V\000e\000k\000t\000o\000r\000e\000n\000\040\0002}{section.4}% 15
\BOOKMARK [2][-]{subsection.4.3}{\376\377\000V\000e\000k\000t\000o\000r\000e\000n\000\040\0003}{section.4}% 16
\BOOKMARK [2][-]{subsection.4.4}{\376\377\000V\000e\000k\000t\000o\000r\000e\000n\000\040\0004}{section.4}% 17
\BOOKMARK [2][-]{subsection.4.5}{\376\377\000V\000e\000k\000t\000o\000r\000e\000n\000\040\0005}{section.4}% 18
\BOOKMARK [2][-]{subsection.4.6}{\376\377\000S\000k\000a\000l\000a\000r\000p\000r\000o\000d\000u\000k\000t\000\040\0001}{section.4}% 19
\BOOKMARK [2][-]{subsection.4.7}{\376\377\000K\000o\000o\000r\000d\000i\000n\000a\000t\000e\000n\000t\000r\000a\000n\000s\000f\000o\000r\000m\000a\000t\000i\000o\000n\000\040\0001}{section.4}% 20
\BOOKMARK [2][-]{subsection.4.8}{\376\377\000T\000I\000T\000E\000L}{section.4}% 21
\BOOKMARK [2][-]{subsection.4.9}{\376\377\000T\000I\000T\000E\000L}{section.4}% 22
\BOOKMARK [1][-]{section.5}{\376\377\000Q\000u\000e\000l\000l\000e\000n}{}% 23
\BOOKMARK [1][-]{section.6}{\376\377\000L\000i\000z\000e\000n\000z}{}% 24
